<?xml version="1.0" encoding="UTF-8"?>
<testng-results skipped="0" failed="0" ignored="0" total="1" passed="1">
  <reporter-output>
  </reporter-output>
  <suite name="Default suite" duration-ms="39" started-at="2022-11-20T10:31:39 IST" finished-at="2022-11-20T10:31:39 IST">
    <groups>
    </groups>
    <test name="Default test" duration-ms="39" started-at="2022-11-20T10:31:39 IST" finished-at="2022-11-20T10:31:39 IST">
      <class name="tests.Test5">
        <test-method status="PASS" signature="t1()[pri:0, instance:tests.Test5@1e7c7811]" name="t1" duration-ms="6" started-at="2022-11-20T10:31:39 IST" finished-at="2022-11-20T10:31:39 IST">
          <reporter-output>
          </reporter-output>
        </test-method> <!-- t1 -->
      </class> <!-- tests.Test5 -->
    </test> <!-- Default test -->
  </suite> <!-- Default suite -->
</testng-results>
